


          SolidWorks Corporation - STEP Processor Error Log
          ______________________________________________________

                       STEP Post Processor
                       ___________________


STEP File Name: E:\PLATI_PCB\REWATT\Final\XXXX.421457.003_BlockRaspberry\XXXX_426471_007_Secondary_PCB_Raspberry\XXXX.426471.006 Main_PCB_Raspberry_pcb.step



Error: Тип элемента не поддерживается
STEP-ввод не завершен успешно.

Error: Тип элемента не поддерживается
STEP-ввод не завершен успешно.

Error: Тип элемента не поддерживается
STEP-ввод не завершен успешно.

Error: Тип элемента не поддерживается
STEP-ввод не завершен успешно.

Error: Тип элемента не поддерживается
STEP-ввод не завершен успешно.

Error: Тип элемента не поддерживается
STEP-ввод не завершен успешно.

Error: Тип элемента не поддерживается
STEP-ввод не завершен успешно.

Error: Тип элемента не поддерживается
STEP-ввод не завершен успешно.
Поверхности были успешно преобразованы в твердое тело.
STEP-ввод завершен.Поверхности были успешно преобразованы в твердое тело.
STEP-ввод завершен.Поверхности были успешно преобразованы в твердое тело.
STEP-ввод завершен.Поверхности были успешно преобразованы в твердое тело.
STEP-ввод завершен.Поверхности были успешно преобразованы в твердое тело.
STEP-ввод завершен.Поверхности были успешно преобразованы в твердое тело.
STEP-ввод завершен.Поверхности были успешно преобразованы в твердое тело.
STEP-ввод завершен.Поверхности были успешно преобразованы в твердое тело.
STEP-ввод завершен.Поверхности были успешно преобразованы в твердое тело.
STEP-ввод завершен.Поверхности были успешно преобразованы в твердое тело.
STEP-ввод завершен.Поверхности были успешно преобразованы в твердое тело.
STEP-ввод завершен.Поверхности были успешно преобразованы в твердое тело.
STEP-ввод завершен.Поверхности были успешно преобразованы в твердое тело.
STEP-ввод завершен.Поверхности были успешно преобразованы в твердое тело.
STEP-ввод завершен.Поверхности были успешно преобразованы в твердое тело.
STEP-ввод завершен.Поверхности были успешно преобразованы в твердое тело.
STEP-ввод завершен.
Error: Не удалось создать твердое тело из триммированных поверхностей.
STEP-ввод не завершен успешно.
Поверхности были успешно преобразованы в твердое тело.
STEP-ввод завершен.Поверхности были успешно преобразованы в твердое тело.
STEP-ввод завершен.Поверхности были успешно преобразованы в твердое тело.
STEP-ввод завершен.Поверхности были успешно преобразованы в твердое тело.
STEP-ввод завершен.Поверхности были успешно преобразованы в твердое тело.
STEP-ввод завершен.Поверхности были успешно преобразованы в твердое тело.
STEP-ввод завершен.Поверхности были успешно преобразованы в твердое тело.
STEP-ввод завершен.Поверхности были успешно преобразованы в твердое тело.
STEP-ввод завершен.Поверхности были успешно преобразованы в твердое тело.
STEP-ввод завершен.Поверхности были успешно преобразованы в твердое тело.
STEP-ввод завершен.Поверхности были успешно преобразованы в твердое тело.
STEP-ввод завершен.Поверхности были успешно преобразованы в твердое тело.
STEP-ввод завершен.Поверхности были успешно преобразованы в твердое тело.
STEP-ввод завершен.Поверхности были успешно преобразованы в твердое тело.
STEP-ввод завершен.Поверхности были успешно преобразованы в твердое тело.
STEP-ввод завершен.Поверхности были успешно преобразованы в твердое тело.
STEP-ввод завершен.
Error: Не удалось создать твердое тело из триммированных поверхностей.
STEP-ввод не завершен успешно.
Поверхности были успешно преобразованы в твердое тело.
STEP-ввод завершен.Поверхности были успешно преобразованы в твердое тело.
STEP-ввод завершен.Поверхности были успешно преобразованы в твердое тело.
STEP-ввод завершен.Поверхности были успешно преобразованы в твердое тело.
STEP-ввод завершен.Поверхности были успешно преобразованы в твердое тело.
STEP-ввод завершен.Поверхности были успешно преобразованы в твердое тело.
STEP-ввод завершен.Поверхности были успешно преобразованы в твердое тело.
STEP-ввод завершен.Поверхности были успешно преобразованы в твердое тело.
STEP-ввод завершен.Поверхности были успешно преобразованы в твердое тело.
STEP-ввод завершен.Поверхности были успешно преобразованы в твердое тело.
STEP-ввод завершен.Поверхности были успешно преобразованы в твердое тело.
STEP-ввод завершен.ВНИМАНИЕ: Surface problem...Конструктору для отсеченных поверхностей не удалось найти правильное решение.
ВНИМАНИЕ: Surface problem...Конструктору для отсеченных поверхностей не удалось найти правильное решение.
ВНИМАНИЕ: Surface problem...Конструктору для отсеченных поверхностей не удалось найти правильное решение.
ВНИМАНИЕ: Surface problem...Конструктору для отсеченных поверхностей не удалось найти правильное решение.
Поверхности были успешно преобразованы в твердое тело.
STEP-ввод завершен.Поверхности были успешно преобразованы в твердое тело.
STEP-ввод завершен.Поверхности были успешно преобразованы в твердое тело.
STEP-ввод завершен.Поверхности были успешно преобразованы в твердое тело.
STEP-ввод завершен.Поверхности были успешно преобразованы в твердое тело.
STEP-ввод завершен.Поверхности были успешно преобразованы в твердое тело.
STEP-ввод завершен.