Change Component Designator: Old Designator=C35 New Designator=C36
Change Component Designator: Old Designator=C36 New Designator=C38
Change Component Designator: Old Designator=C37 New Designator=C41
Change Component Designator: Old Designator=C38 New Designator=C43
Change Component Designator: Old Designator=C40 New Designator=C45
Change Component Designator: Old Designator=C41 New Designator=C47
Change Component Designator: Old Designator=C42 New Designator=C50
Change Component Designator: Old Designator=C43 New Designator=C51
Change Component Designator: Old Designator=C44 New Designator=C53
Change Component Designator: Old Designator=C? New Designator=C35
Change Component Designator: Old Designator=C? New Designator=C37
Change Component Designator: Old Designator=C? New Designator=C40
Change Component Designator: Old Designator=C? New Designator=C42
Change Component Designator: Old Designator=C? New Designator=C44
Change Component Designator: Old Designator=C? New Designator=C46
Change Component Designator: Old Designator=C? New Designator=C48
Change Component Designator: Old Designator=C? New Designator=C49
Change Component Designator: Old Designator=C? New Designator=C52
Change Component Designator: Old Designator=DD4 New Designator=DD5
Change Component Designator: Old Designator=DD? New Designator=DD4
Change Component Designator: Old Designator=L5 New Designator=L7
Change Component Designator: Old Designator=L6 New Designator=L8
Change Component Designator: Old Designator=L7 New Designator=L10
Change Component Designator: Old Designator=L? New Designator=L5
Change Component Designator: Old Designator=L? New Designator=L6
Change Component Designator: Old Designator=L? New Designator=L9
Change Component Designator: Old Designator=R38 New Designator=R40
Change Component Designator: Old Designator=R39 New Designator=R38
Change Component Designator: Old Designator=R40 New Designator=R42
Change Component Designator: Old Designator=R41 New Designator=R45
Change Component Designator: Old Designator=R42 New Designator=R46
Change Component Designator: Old Designator=R? New Designator=R39
Change Component Designator: Old Designator=R? New Designator=R41
Change Component Designator: Old Designator=R? New Designator=R43
Change Component Designator: Old Designator=R? New Designator=R44
Change Component Designator: Old Designator=VD4 New Designator=VD5
Change Component Designator: Old Designator=VD? New Designator=VD4
Change Component Designator: Old Designator=XP6 New Designator=XP4
Change Component Designator: Old Designator=XP7 New Designator=XP5
Change Component Designator: Old Designator=XP8 New Designator=XP7
Change Component Designator: Old Designator=XP? New Designator=XP6
