Change Component Designator: Old Designator=C38 New Designator=C37
Change Component Designator: Old Designator=C39 New Designator=C35
Change Component Designator: Old Designator=C41 New Designator=C38
Change Component Designator: Old Designator=C43 New Designator=C39
Change Component Designator: Old Designator=C45 New Designator=C43
Change Component Designator: Old Designator=C47 New Designator=C44
Change Component Designator: Old Designator=C50 New Designator=C45
Change Component Designator: Old Designator=C51 New Designator=C46
Change Component Designator: Old Designator=C53 New Designator=C49
Change Component Designator: Old Designator=C? New Designator=C40
Change Component Designator: Old Designator=C? New Designator=C41
Change Component Designator: Old Designator=C? New Designator=C42
Change Component Designator: Old Designator=C? New Designator=C47
Change Component Designator: Old Designator=C? New Designator=C48
Change Component Designator: Old Designator=C? New Designator=C50
Change Component Designator: Old Designator=DA? New Designator=DA3
Change Component Designator: Old Designator=DD? New Designator=DD4
Change Component Designator: Old Designator=L7 New Designator=L6
Change Component Designator: Old Designator=L8 New Designator=L7
Change Component Designator: Old Designator=L10 New Designator=L8
Change Component Designator: Old Designator=L? New Designator=L5
Change Component Designator: Old Designator=L? New Designator=L9
Change Component Designator: Old Designator=R27 New Designator=R25
Change Component Designator: Old Designator=R28 New Designator=R26
Change Component Designator: Old Designator=R29 New Designator=R30
Change Component Designator: Old Designator=R30 New Designator=R31
Change Component Designator: Old Designator=R31 New Designator=R35
Change Component Designator: Old Designator=R32 New Designator=R36
Change Component Designator: Old Designator=R33 New Designator=R27
Change Component Designator: Old Designator=R34 New Designator=R28
Change Component Designator: Old Designator=R35 New Designator=R29
Change Component Designator: Old Designator=R36 New Designator=R32
Change Component Designator: Old Designator=R37 New Designator=R33
Change Component Designator: Old Designator=R38 New Designator=R34
Change Component Designator: Old Designator=R40 New Designator=R39
Change Component Designator: Old Designator=R45 New Designator=R43
Change Component Designator: Old Designator=R46 New Designator=R44
Change Component Designator: Old Designator=R? New Designator=R37
Change Component Designator: Old Designator=R? New Designator=R38
Change Component Designator: Old Designator=R? New Designator=R40
Change Component Designator: Old Designator=R? New Designator=R41
Change Component Designator: Old Designator=U? New Designator=U1
Change Component Designator: Old Designator=VD5 New Designator=VD4
Change Component Designator: Old Designator=XP7 New Designator=XP6
Change Component Designator: Old Designator=XS? New Designator=XS8
